[2020-08-19 15:17:58] [INFO] [StartupInfoLogger.java][logStarting:55] Starting KwonPgApplication on DESKTOP-JIN with PID 19016 (C:\workspace\KWON_PG\bin\main started by mtouch in C:\workspace\KWON_PG)
[2020-08-19 15:17:58] [INFO] [SpringApplication.java][logStartupProfileInfo:651] No active profile set, falling back to default profiles: default
[2020-08-19 15:17:58] [INFO] [DeferredLog.java][logTo:225] Devtools property defaults active! Set 'spring.devtools.add-properties' to 'false' to disable
[2020-08-19 15:17:58] [INFO] [DeferredLog.java][logTo:225] For additional web related logging consider setting the 'logging.level.web' property to 'DEBUG'
[2020-08-19 15:17:59] [INFO] [RepositoryConfigurationDelegate.java][registerRepositoriesIn:127] Bootstrapping Spring Data JPA repositories in DEFERRED mode.
[2020-08-19 15:17:59] [INFO] [RepositoryConfigurationDelegate.java][registerRepositoriesIn:187] Finished Spring Data repository scanning in 4ms. Found 0 JPA repository interfaces.
[2020-08-19 15:17:59] [INFO] [TomcatWebServer.java][initialize:108] Tomcat initialized with port(s): 8080 (http)
[2020-08-19 15:17:59] [INFO] [DirectJDKLog.java][log:173] Starting service [Tomcat]
[2020-08-19 15:17:59] [INFO] [DirectJDKLog.java][log:173] Starting Servlet engine: [Apache Tomcat/9.0.37]
[2020-08-19 15:17:59] [INFO] [DirectJDKLog.java][log:173] At least one JAR was scanned for TLDs yet contained no TLDs. Enable debug logging for this logger for a complete list of JARs that were scanned but no TLDs were found in them. Skipping unneeded JARs during scanning can improve startup time and JSP compilation time.
[2020-08-19 15:17:59] [INFO] [DirectJDKLog.java][log:173] Initializing Spring embedded WebApplicationContext
[2020-08-19 15:17:59] [INFO] [ServletWebServerApplicationContext.java][prepareWebApplicationContext:285] Root WebApplicationContext: initialization completed in 826 ms
[2020-08-19 15:17:59] [INFO] [HikariDataSource.java][getConnection:110] HikariPool-1 - Starting...
[2020-08-19 15:17:59] [ERROR] [TomcatStarter.java][onStartup:61] Error starting Tomcat context. Exception: org.springframework.beans.factory.BeanCreationException. Message: Error creating bean with name 'h2Console' defined in class path resource [org/springframework/boot/autoconfigure/h2/H2ConsoleAutoConfiguration.class]: Bean instantiation via factory method failed; nested exception is org.springframework.beans.BeanInstantiationException: Failed to instantiate [org.springframework.boot.web.servlet.ServletRegistrationBean]: Factory method 'h2Console' threw exception; nested exception is java.lang.RuntimeException: Driver org.mariadb.jdbc.Driver claims to not accept jdbcUrl, jdbc:h2:mem:00c658dd-61d5-4a8d-9e2f-c20e0dc7abd8;DB_CLOSE_DELAY=-1;DB_CLOSE_ON_EXIT=FALSE
[2020-08-19 15:17:59] [INFO] [DirectJDKLog.java][log:173] Stopping service [Tomcat]
[2020-08-19 15:17:59] [WARN] [AbstractApplicationContext.java][refresh:559] Exception encountered during context initialization - cancelling refresh attempt: org.springframework.context.ApplicationContextException: Unable to start web server; nested exception is org.springframework.boot.web.server.WebServerException: Unable to start embedded Tomcat
[2020-08-19 15:17:59] [INFO] [ConditionEvaluationReportLoggingListener.java][logMessage:136] 

Error starting ApplicationContext. To display the conditions report re-run your application with 'debug' enabled.
[2020-08-19 15:17:59] [ERROR] [SpringApplication.java][reportFailure:837] Application run failed
org.springframework.context.ApplicationContextException: Unable to start web server; nested exception is org.springframework.boot.web.server.WebServerException: Unable to start embedded Tomcat
	at org.springframework.boot.web.servlet.context.ServletWebServerApplicationContext.onRefresh(ServletWebServerApplicationContext.java:161)
	at org.springframework.context.support.AbstractApplicationContext.refresh(AbstractApplicationContext.java:545)
	at org.springframework.boot.web.servlet.context.ServletWebServerApplicationContext.refresh(ServletWebServerApplicationContext.java:143)
	at org.springframework.boot.SpringApplication.refresh(SpringApplication.java:758)
	at org.springframework.boot.SpringApplication.refresh(SpringApplication.java:750)
	at org.springframework.boot.SpringApplication.refreshContext(SpringApplication.java:397)
	at org.springframework.boot.SpringApplication.run(SpringApplication.java:315)
	at org.springframework.boot.SpringApplication.run(SpringApplication.java:1237)
	at org.springframework.boot.SpringApplication.run(SpringApplication.java:1226)
	at com.pg.KwonPgApplication.main(KwonPgApplication.java:13)
	at sun.reflect.NativeMethodAccessorImpl.invoke0(Native Method)
	at sun.reflect.NativeMethodAccessorImpl.invoke(Unknown Source)
	at sun.reflect.DelegatingMethodAccessorImpl.invoke(Unknown Source)
	at java.lang.reflect.Method.invoke(Unknown Source)
	at org.springframework.boot.devtools.restart.RestartLauncher.run(RestartLauncher.java:49)
Caused by: org.springframework.boot.web.server.WebServerException: Unable to start embedded Tomcat
	at org.springframework.boot.web.embedded.tomcat.TomcatWebServer.initialize(TomcatWebServer.java:142)
	at org.springframework.boot.web.embedded.tomcat.TomcatWebServer.<init>(TomcatWebServer.java:104)
	at org.springframework.boot.web.embedded.tomcat.TomcatServletWebServerFactory.getTomcatWebServer(TomcatServletWebServerFactory.java:437)
	at org.springframework.boot.web.embedded.tomcat.TomcatServletWebServerFactory.getWebServer(TomcatServletWebServerFactory.java:191)
	at org.springframework.boot.web.servlet.context.ServletWebServerApplicationContext.createWebServer(ServletWebServerApplicationContext.java:178)
	at org.springframework.boot.web.servlet.context.ServletWebServerApplicationContext.onRefresh(ServletWebServerApplicationContext.java:158)
	... 14 common frames omitted
Caused by: org.springframework.beans.factory.BeanCreationException: Error creating bean with name 'h2Console' defined in class path resource [org/springframework/boot/autoconfigure/h2/H2ConsoleAutoConfiguration.class]: Bean instantiation via factory method failed; nested exception is org.springframework.beans.BeanInstantiationException: Failed to instantiate [org.springframework.boot.web.servlet.ServletRegistrationBean]: Factory method 'h2Console' threw exception; nested exception is java.lang.RuntimeException: Driver org.mariadb.jdbc.Driver claims to not accept jdbcUrl, jdbc:h2:mem:00c658dd-61d5-4a8d-9e2f-c20e0dc7abd8;DB_CLOSE_DELAY=-1;DB_CLOSE_ON_EXIT=FALSE
	at org.springframework.beans.factory.support.ConstructorResolver.instantiate(ConstructorResolver.java:655)
	at org.springframework.beans.factory.support.ConstructorResolver.instantiateUsingFactoryMethod(ConstructorResolver.java:635)
	at org.springframework.beans.factory.support.AbstractAutowireCapableBeanFactory.instantiateUsingFactoryMethod(AbstractAutowireCapableBeanFactory.java:1336)
	at org.springframework.beans.factory.support.AbstractAutowireCapableBeanFactory.createBeanInstance(AbstractAutowireCapableBeanFactory.java:1176)
	at org.springframework.beans.factory.support.AbstractAutowireCapableBeanFactory.doCreateBean(AbstractAutowireCapableBeanFactory.java:556)
	at org.springframework.beans.factory.support.AbstractAutowireCapableBeanFactory.createBean(AbstractAutowireCapableBeanFactory.java:516)
	at org.springframework.beans.factory.support.AbstractBeanFactory.lambda$doGetBean$0(AbstractBeanFactory.java:324)
	at org.springframework.beans.factory.support.DefaultSingletonBeanRegistry.getSingleton(DefaultSingletonBeanRegistry.java:226)
	at org.springframework.beans.factory.support.AbstractBeanFactory.doGetBean(AbstractBeanFactory.java:322)
	at org.springframework.beans.factory.support.AbstractBeanFactory.getBean(AbstractBeanFactory.java:207)
	at org.springframework.boot.web.servlet.ServletContextInitializerBeans.getOrderedBeansOfType(ServletContextInitializerBeans.java:211)
	at org.springframework.boot.web.servlet.ServletContextInitializerBeans.getOrderedBeansOfType(ServletContextInitializerBeans.java:202)
	at org.springframework.boot.web.servlet.ServletContextInitializerBeans.addServletContextInitializerBeans(ServletContextInitializerBeans.java:96)
	at org.springframework.boot.web.servlet.ServletContextInitializerBeans.<init>(ServletContextInitializerBeans.java:85)
	at org.springframework.boot.web.servlet.context.ServletWebServerApplicationContext.getServletContextInitializerBeans(ServletWebServerApplicationContext.java:255)
	at org.springframework.boot.web.servlet.context.ServletWebServerApplicationContext.selfInitialize(ServletWebServerApplicationContext.java:229)
	at org.springframework.boot.web.embedded.tomcat.TomcatStarter.onStartup(TomcatStarter.java:53)
	at org.apache.catalina.core.StandardContext.startInternal(StandardContext.java:5128)
	at org.apache.catalina.util.LifecycleBase.start(LifecycleBase.java:183)
	at org.apache.catalina.core.ContainerBase$StartChild.call(ContainerBase.java:1384)
	at org.apache.catalina.core.ContainerBase$StartChild.call(ContainerBase.java:1374)
	at java.util.concurrent.FutureTask.run(Unknown Source)
	at org.apache.tomcat.util.threads.InlineExecutorService.execute(InlineExecutorService.java:75)
	at java.util.concurrent.AbstractExecutorService.submit(Unknown Source)
	at org.apache.catalina.core.ContainerBase.startInternal(ContainerBase.java:909)
	at org.apache.catalina.core.StandardHost.startInternal(StandardHost.java:841)
	at org.apache.catalina.util.LifecycleBase.start(LifecycleBase.java:183)
	at org.apache.catalina.core.ContainerBase$StartChild.call(ContainerBase.java:1384)
	at org.apache.catalina.core.ContainerBase$StartChild.call(ContainerBase.java:1374)
	at java.util.concurrent.FutureTask.run(Unknown Source)
	at org.apache.tomcat.util.threads.InlineExecutorService.execute(InlineExecutorService.java:75)
	at java.util.concurrent.AbstractExecutorService.submit(Unknown Source)
	at org.apache.catalina.core.ContainerBase.startInternal(ContainerBase.java:909)
	at org.apache.catalina.core.StandardEngine.startInternal(StandardEngine.java:262)
	at org.apache.catalina.util.LifecycleBase.start(LifecycleBase.java:183)
	at org.apache.catalina.core.StandardService.startInternal(StandardService.java:421)
	at org.apache.catalina.util.LifecycleBase.start(LifecycleBase.java:183)
	at org.apache.catalina.core.StandardServer.startInternal(StandardServer.java:930)
	at org.apache.catalina.util.LifecycleBase.start(LifecycleBase.java:183)
	at org.apache.catalina.startup.Tomcat.start(Tomcat.java:486)
	at org.springframework.boot.web.embedded.tomcat.TomcatWebServer.initialize(TomcatWebServer.java:123)
	... 19 common frames omitted
Caused by: org.springframework.beans.BeanInstantiationException: Failed to instantiate [org.springframework.boot.web.servlet.ServletRegistrationBean]: Factory method 'h2Console' threw exception; nested exception is java.lang.RuntimeException: Driver org.mariadb.jdbc.Driver claims to not accept jdbcUrl, jdbc:h2:mem:00c658dd-61d5-4a8d-9e2f-c20e0dc7abd8;DB_CLOSE_DELAY=-1;DB_CLOSE_ON_EXIT=FALSE
	at org.springframework.beans.factory.support.SimpleInstantiationStrategy.instantiate(SimpleInstantiationStrategy.java:185)
	at org.springframework.beans.factory.support.ConstructorResolver.instantiate(ConstructorResolver.java:650)
	... 59 common frames omitted
Caused by: java.lang.RuntimeException: Driver org.mariadb.jdbc.Driver claims to not accept jdbcUrl, jdbc:h2:mem:00c658dd-61d5-4a8d-9e2f-c20e0dc7abd8;DB_CLOSE_DELAY=-1;DB_CLOSE_ON_EXIT=FALSE
	at com.zaxxer.hikari.util.DriverDataSource.<init>(DriverDataSource.java:110)
	at com.zaxxer.hikari.pool.PoolBase.initializeDataSource(PoolBase.java:325)
	at com.zaxxer.hikari.pool.PoolBase.<init>(PoolBase.java:114)
	at com.zaxxer.hikari.pool.HikariPool.<init>(HikariPool.java:108)
	at com.zaxxer.hikari.HikariDataSource.getConnection(HikariDataSource.java:112)
	at org.springframework.boot.autoconfigure.h2.H2ConsoleAutoConfiguration.lambda$h2Console$0(H2ConsoleAutoConfiguration.java:73)
	at org.springframework.beans.factory.ObjectProvider.ifAvailable(ObjectProvider.java:93)
	at org.springframework.boot.autoconfigure.h2.H2ConsoleAutoConfiguration.h2Console(H2ConsoleAutoConfiguration.java:72)
	at sun.reflect.NativeMethodAccessorImpl.invoke0(Native Method)
	at sun.reflect.NativeMethodAccessorImpl.invoke(Unknown Source)
	at sun.reflect.DelegatingMethodAccessorImpl.invoke(Unknown Source)
	at java.lang.reflect.Method.invoke(Unknown Source)
	at org.springframework.beans.factory.support.SimpleInstantiationStrategy.instantiate(SimpleInstantiationStrategy.java:154)
	... 60 common frames omitted
[2020-08-19 15:23:15] [INFO] [StartupInfoLogger.java][logStarting:55] Starting KwonPgApplication on DESKTOP-JIN with PID 13468 (C:\workspace\KWON_PG\bin\main started by mtouch in C:\workspace\KWON_PG)
[2020-08-19 15:23:15] [INFO] [SpringApplication.java][logStartupProfileInfo:651] No active profile set, falling back to default profiles: default
[2020-08-19 15:23:15] [INFO] [DeferredLog.java][logTo:225] Devtools property defaults active! Set 'spring.devtools.add-properties' to 'false' to disable
[2020-08-19 15:23:15] [INFO] [DeferredLog.java][logTo:225] For additional web related logging consider setting the 'logging.level.web' property to 'DEBUG'
[2020-08-19 15:23:16] [INFO] [RepositoryConfigurationDelegate.java][registerRepositoriesIn:127] Bootstrapping Spring Data JPA repositories in DEFERRED mode.
[2020-08-19 15:23:16] [INFO] [RepositoryConfigurationDelegate.java][registerRepositoriesIn:187] Finished Spring Data repository scanning in 4ms. Found 0 JPA repository interfaces.
[2020-08-19 15:23:16] [INFO] [TomcatWebServer.java][initialize:108] Tomcat initialized with port(s): 8080 (http)
[2020-08-19 15:23:16] [INFO] [DirectJDKLog.java][log:173] Starting service [Tomcat]
[2020-08-19 15:23:16] [INFO] [DirectJDKLog.java][log:173] Starting Servlet engine: [Apache Tomcat/9.0.37]
[2020-08-19 15:23:16] [INFO] [DirectJDKLog.java][log:173] At least one JAR was scanned for TLDs yet contained no TLDs. Enable debug logging for this logger for a complete list of JARs that were scanned but no TLDs were found in them. Skipping unneeded JARs during scanning can improve startup time and JSP compilation time.
[2020-08-19 15:23:16] [INFO] [DirectJDKLog.java][log:173] Initializing Spring embedded WebApplicationContext
[2020-08-19 15:23:16] [INFO] [ServletWebServerApplicationContext.java][prepareWebApplicationContext:285] Root WebApplicationContext: initialization completed in 806 ms
[2020-08-19 15:23:16] [INFO] [HikariDataSource.java][getConnection:110] HikariPool-1 - Starting...
[2020-08-19 15:23:16] [INFO] [HikariDataSource.java][getConnection:123] HikariPool-1 - Start completed.
[2020-08-19 15:23:16] [INFO] [H2ConsoleAutoConfiguration.java][lambda$h2Console$0:74] H2 console available at '/h2-console'. Database available at 'jdbc:mariadb://203.245.13.54:13306/CP_KWON?characterEncoding=UTF-8&serverTimezone=UTC'
[2020-08-19 15:23:16] [INFO] [ExecutorConfigurationSupport.java][initialize:181] Initializing ExecutorService 'applicationTaskExecutor'
[2020-08-19 15:23:16] [INFO] [LogHelper.java][logPersistenceUnitInformation:31] HHH000204: Processing PersistenceUnitInfo [name: default]
[2020-08-19 15:23:16] [INFO] [Version.java][logVersion:44] HHH000412: Hibernate ORM core version 5.4.20.Final
[2020-08-19 15:23:16] [INFO] [JavaReflectionManager.java][<clinit>:49] HCANN000001: Hibernate Commons Annotations {5.1.0.Final}
[2020-08-19 15:23:16] [WARN] [JpaBaseConfiguration.java][openEntityManagerInViewInterceptor:220] spring.jpa.open-in-view is enabled by default. Therefore, database queries may be performed during view rendering. Explicitly configure spring.jpa.open-in-view to disable this warning
[2020-08-19 15:23:16] [INFO] [Dialect.java][<init>:170] HHH000400: Using dialect: org.hibernate.dialect.MariaDB103Dialect
[2020-08-19 15:23:17] [INFO] [JtaPlatformInitiator.java][initiateService:52] HHH000490: Using JtaPlatform implementation: [org.hibernate.engine.transaction.jta.platform.internal.NoJtaPlatform]
[2020-08-19 15:23:17] [INFO] [OptionalLiveReloadServer.java][startServer:58] LiveReload server is running on port 35729
[2020-08-19 15:23:17] [INFO] [AbstractEntityManagerFactoryBean.java][buildNativeEntityManagerFactory:416] Initialized JPA EntityManagerFactory for persistence unit 'default'
[2020-08-19 15:23:17] [INFO] [TomcatWebServer.java][start:220] Tomcat started on port(s): 8080 (http) with context path ''
[2020-08-19 15:23:17] [INFO] [DeferredRepositoryInitializationListener.java][onApplicationEvent:49] Triggering deferred initialization of Spring Data repositories…
[2020-08-19 15:23:17] [INFO] [DeferredRepositoryInitializationListener.java][onApplicationEvent:53] Spring Data repositories initialized!
[2020-08-19 15:23:17] [INFO] [StartupInfoLogger.java][logStarted:61] Started KwonPgApplication in 1.604 seconds (JVM running for 2.103)
[2020-08-19 15:23:17] [INFO] [KwonPgApplication.java][main:14] ======main======
[2020-08-19 15:23:30] [INFO] [DirectJDKLog.java][log:173] Initializing Spring DispatcherServlet 'dispatcherServlet'
[2020-08-19 15:23:30] [INFO] [FrameworkServlet.java][initServletBean:525] Initializing Servlet 'dispatcherServlet'
[2020-08-19 15:23:30] [INFO] [FrameworkServlet.java][initServletBean:547] Completed initialization in 3 ms
[2020-08-19 15:23:30] [INFO] [TestController.java][test:27] testList:[Test(id=null, name=GOD)]
[2020-08-19 16:07:42] [INFO] [SpringApplicationAdminMXBeanRegistrar.java][shutdown:159] Application shutdown requested.
[2020-08-19 16:07:42] [INFO] [AbstractEntityManagerFactoryBean.java][destroy:598] Closing JPA EntityManagerFactory for persistence unit 'default'
[2020-08-19 16:07:42] [INFO] [ExecutorConfigurationSupport.java][shutdown:218] Shutting down ExecutorService 'applicationTaskExecutor'
[2020-08-19 16:07:42] [INFO] [HikariDataSource.java][close:350] HikariPool-1 - Shutdown initiated...
[2020-08-19 16:07:42] [INFO] [HikariDataSource.java][close:352] HikariPool-1 - Shutdown completed.
